<?xml version="1.0" encoding="UTF-8"?>
<testsuite xmlns:xsi="http://www.w3.org/2001/XMLSchema-instance" xsi:noNamespaceSchemaLocation="https://maven.apache.org/surefire/maven-surefire-plugin/xsd/surefire-test-report-3.0.xsd" version="3.0" name="com.aws.glue.connector.sharepoint.parser.CsvFileParserTest" time="0.448" tests="9" errors="0" skipped="0" failures="0">
  <properties>
    <property name="java.specification.version" value="23"/>
    <property name="sun.jnu.encoding" value="UTF-8"/>
    <property name="java.class.path" value="/Users/guru/work/dmux/aws-glue-custom-connector-sharepoint/target/test-classes:/Users/guru/work/dmux/aws-glue-custom-connector-sharepoint/target/classes:/Users/guru/.m2/repository/com/amazonaws/aws-java-sdk-glue/1.12.470/aws-java-sdk-glue-1.12.470.jar:/Users/guru/.m2/repository/com/amazonaws/aws-java-sdk-core/1.12.470/aws-java-sdk-core-1.12.470.jar:/Users/guru/.m2/repository/commons-logging/commons-logging/1.1.3/commons-logging-1.1.3.jar:/Users/guru/.m2/repository/org/apache/httpcomponents/httpclient/4.5.13/httpclient-4.5.13.jar:/Users/guru/.m2/repository/org/apache/httpcomponents/httpcore/4.4.13/httpcore-4.4.13.jar:/Users/guru/.m2/repository/software/amazon/ion/ion-java/1.0.2/ion-java-1.0.2.jar:/Users/guru/.m2/repository/com/fasterxml/jackson/dataformat/jackson-dataformat-cbor/2.12.6/jackson-dataformat-cbor-2.12.6.jar:/Users/guru/.m2/repository/joda-time/joda-time/2.8.1/joda-time-2.8.1.jar:/Users/guru/.m2/repository/com/amazonaws/jmespath-java/1.12.470/jmespath-java-1.12.470.jar:/Users/guru/.m2/repository/org/apache/spark/spark-core_2.12/3.3.0/spark-core_2.12-3.3.0.jar:/Users/guru/.m2/repository/org/apache/avro/avro/1.11.0/avro-1.11.0.jar:/Users/guru/.m2/repository/org/apache/avro/avro-mapred/1.11.0/avro-mapred-1.11.0.jar:/Users/guru/.m2/repository/org/apache/avro/avro-ipc/1.11.0/avro-ipc-1.11.0.jar:/Users/guru/.m2/repository/org/tukaani/xz/1.9/xz-1.9.jar:/Users/guru/.m2/repository/com/twitter/chill_2.12/0.10.0/chill_2.12-0.10.0.jar:/Users/guru/.m2/repository/com/esotericsoftware/kryo-shaded/4.0.2/kryo-shaded-4.0.2.jar:/Users/guru/.m2/repository/com/esotericsoftware/minlog/1.3.0/minlog-1.3.0.jar:/Users/guru/.m2/repository/com/twitter/chill-java/0.10.0/chill-java-0.10.0.jar:/Users/guru/.m2/repository/org/apache/xbean/xbean-asm9-shaded/4.20/xbean-asm9-shaded-4.20.jar:/Users/guru/.m2/repository/org/apache/hadoop/hadoop-client-api/3.3.2/hadoop-client-api-3.3.2.jar:/Users/guru/.m2/repository/org/apache/hadoop/hadoop-client-runtime/3.3.2/hadoop-client-runtime-3.3.2.jar:/Users/guru/.m2/repository/org/apache/spark/spark-launcher_2.12/3.3.0/spark-launcher_2.12-3.3.0.jar:/Users/guru/.m2/repository/org/apache/spark/spark-kvstore_2.12/3.3.0/spark-kvstore_2.12-3.3.0.jar:/Users/guru/.m2/repository/org/fusesource/leveldbjni/leveldbjni-all/1.8/leveldbjni-all-1.8.jar:/Users/guru/.m2/repository/org/apache/spark/spark-network-common_2.12/3.3.0/spark-network-common_2.12-3.3.0.jar:/Users/guru/.m2/repository/com/google/crypto/tink/tink/1.6.1/tink-1.6.1.jar:/Users/guru/.m2/repository/org/apache/spark/spark-network-shuffle_2.12/3.3.0/spark-network-shuffle_2.12-3.3.0.jar:/Users/guru/.m2/repository/org/apache/spark/spark-unsafe_2.12/3.3.0/spark-unsafe_2.12-3.3.0.jar:/Users/guru/.m2/repository/javax/activation/activation/1.1.1/activation-1.1.1.jar:/Users/guru/.m2/repository/org/apache/curator/curator-recipes/2.13.0/curator-recipes-2.13.0.jar:/Users/guru/.m2/repository/org/apache/curator/curator-framework/2.13.0/curator-framework-2.13.0.jar:/Users/guru/.m2/repository/org/apache/curator/curator-client/2.13.0/curator-client-2.13.0.jar:/Users/guru/.m2/repository/org/apache/zookeeper/zookeeper/3.6.2/zookeeper-3.6.2.jar:/Users/guru/.m2/repository/commons-lang/commons-lang/2.6/commons-lang-2.6.jar:/Users/guru/.m2/repository/org/apache/zookeeper/zookeeper-jute/3.6.2/zookeeper-jute-3.6.2.jar:/Users/guru/.m2/repository/org/apache/yetus/audience-annotations/0.5.0/audience-annotations-0.5.0.jar:/Users/guru/.m2/repository/jakarta/servlet/jakarta.servlet-api/4.0.3/jakarta.servlet-api-4.0.3.jar:/Users/guru/.m2/repository/commons-codec/commons-codec/1.15/commons-codec-1.15.jar:/Users/guru/.m2/repository/org/apache/commons/commons-lang3/3.12.0/commons-lang3-3.12.0.jar:/Users/guru/.m2/repository/org/apache/commons/commons-math3/3.6.1/commons-math3-3.6.1.jar:/Users/guru/.m2/repository/org/apache/commons/commons-text/1.9/commons-text-1.9.jar:/Users/guru/.m2/repository/commons-io/commons-io/2.11.0/commons-io-2.11.0.jar:/Users/guru/.m2/repository/commons-collections/commons-collections/3.2.2/commons-collections-3.2.2.jar:/Users/guru/.m2/repository/org/apache/commons/commons-collections4/4.4/commons-collections4-4.4.jar:/Users/guru/.m2/repository/com/google/code/findbugs/jsr305/3.0.0/jsr305-3.0.0.jar:/Users/guru/.m2/repository/org/slf4j/jul-to-slf4j/1.7.32/jul-to-slf4j-1.7.32.jar:/Users/guru/.m2/repository/org/slf4j/jcl-over-slf4j/1.7.32/jcl-over-slf4j-1.7.32.jar:/Users/guru/.m2/repository/org/apache/logging/log4j/log4j-1.2-api/2.17.2/log4j-1.2-api-2.17.2.jar:/Users/guru/.m2/repository/com/ning/compress-lzf/1.1/compress-lzf-1.1.jar:/Users/guru/.m2/repository/org/xerial/snappy/snappy-java/1.1.8.4/snappy-java-1.1.8.4.jar:/Users/guru/.m2/repository/org/lz4/lz4-java/1.8.0/lz4-java-1.8.0.jar:/Users/guru/.m2/repository/com/github/luben/zstd-jni/1.5.2-1/zstd-jni-1.5.2-1.jar:/Users/guru/.m2/repository/org/roaringbitmap/RoaringBitmap/0.9.25/RoaringBitmap-0.9.25.jar:/Users/guru/.m2/repository/org/roaringbitmap/shims/0.9.25/shims-0.9.25.jar:/Users/guru/.m2/repository/org/scala-lang/modules/scala-xml_2.12/1.2.0/scala-xml_2.12-1.2.0.jar:/Users/guru/.m2/repository/org/scala-lang/scala-library/2.12.15/scala-library-2.12.15.jar:/Users/guru/.m2/repository/org/scala-lang/scala-reflect/2.12.15/scala-reflect-2.12.15.jar:/Users/guru/.m2/repository/org/json4s/json4s-jackson_2.12/3.7.0-M11/json4s-jackson_2.12-3.7.0-M11.jar:/Users/guru/.m2/repository/org/json4s/json4s-core_2.12/3.7.0-M11/json4s-core_2.12-3.7.0-M11.jar:/Users/guru/.m2/repository/org/json4s/json4s-ast_2.12/3.7.0-M11/json4s-ast_2.12-3.7.0-M11.jar:/Users/guru/.m2/repository/org/json4s/json4s-scalap_2.12/3.7.0-M11/json4s-scalap_2.12-3.7.0-M11.jar:/Users/guru/.m2/repository/org/glassfish/jersey/core/jersey-client/2.34/jersey-client-2.34.jar:/Users/guru/.m2/repository/jakarta/ws/rs/jakarta.ws.rs-api/2.1.6/jakarta.ws.rs-api-2.1.6.jar:/Users/guru/.m2/repository/org/glassfish/hk2/external/jakarta.inject/2.6.1/jakarta.inject-2.6.1.jar:/Users/guru/.m2/repository/org/glassfish/jersey/core/jersey-common/2.34/jersey-common-2.34.jar:/Users/guru/.m2/repository/jakarta/annotation/jakarta.annotation-api/1.3.5/jakarta.annotation-api-1.3.5.jar:/Users/guru/.m2/repository/org/glassfish/hk2/osgi-resource-locator/1.0.3/osgi-resource-locator-1.0.3.jar:/Users/guru/.m2/repository/org/glassfish/jersey/core/jersey-server/2.34/jersey-server-2.34.jar:/Users/guru/.m2/repository/jakarta/validation/jakarta.validation-api/2.0.2/jakarta.validation-api-2.0.2.jar:/Users/guru/.m2/repository/org/glassfish/jersey/containers/jersey-container-servlet/2.34/jersey-container-servlet-2.34.jar:/Users/guru/.m2/repository/org/glassfish/jersey/containers/jersey-container-servlet-core/2.34/jersey-container-servlet-core-2.34.jar:/Users/guru/.m2/repository/org/glassfish/jersey/inject/jersey-hk2/2.34/jersey-hk2-2.34.jar:/Users/guru/.m2/repository/org/glassfish/hk2/hk2-locator/2.6.1/hk2-locator-2.6.1.jar:/Users/guru/.m2/repository/org/glassfish/hk2/external/aopalliance-repackaged/2.6.1/aopalliance-repackaged-2.6.1.jar:/Users/guru/.m2/repository/org/glassfish/hk2/hk2-api/2.6.1/hk2-api-2.6.1.jar:/Users/guru/.m2/repository/org/glassfish/hk2/hk2-utils/2.6.1/hk2-utils-2.6.1.jar:/Users/guru/.m2/repository/org/javassist/javassist/3.25.0-GA/javassist-3.25.0-GA.jar:/Users/guru/.m2/repository/io/netty/netty-all/4.1.100.Final/netty-all-4.1.100.Final.jar:/Users/guru/.m2/repository/io/netty/netty-transport-native-unix-common/4.1.100.Final/netty-transport-native-unix-common-4.1.100.Final.jar:/Users/guru/.m2/repository/io/netty/netty-handler-ssl-ocsp/4.1.100.Final/netty-handler-ssl-ocsp-4.1.100.Final.jar:/Users/guru/.m2/repository/io/netty/netty-transport-classes-epoll/4.1.100.Final/netty-transport-classes-epoll-4.1.100.Final.jar:/Users/guru/.m2/repository/io/netty/netty-transport-classes-kqueue/4.1.100.Final/netty-transport-classes-kqueue-4.1.100.Final.jar:/Users/guru/.m2/repository/io/netty/netty-transport-native-epoll/4.1.100.Final/netty-transport-native-epoll-4.1.100.Final-linux-x86_64.jar:/Users/guru/.m2/repository/io/netty/netty-transport-native-epoll/4.1.100.Final/netty-transport-native-epoll-4.1.100.Final-linux-aarch_64.jar:/Users/guru/.m2/repository/io/netty/netty-transport-native-kqueue/4.1.100.Final/netty-transport-native-kqueue-4.1.100.Final-osx-x86_64.jar:/Users/guru/.m2/repository/io/netty/netty-transport-native-kqueue/4.1.100.Final/netty-transport-native-kqueue-4.1.100.Final-osx-aarch_64.jar:/Users/guru/.m2/repository/com/clearspring/analytics/stream/2.9.6/stream-2.9.6.jar:/Users/guru/.m2/repository/io/dropwizard/metrics/metrics-core/4.2.7/metrics-core-4.2.7.jar:/Users/guru/.m2/repository/io/dropwizard/metrics/metrics-jvm/4.2.7/metrics-jvm-4.2.7.jar:/Users/guru/.m2/repository/io/dropwizard/metrics/metrics-json/4.2.7/metrics-json-4.2.7.jar:/Users/guru/.m2/repository/io/dropwizard/metrics/metrics-graphite/4.2.7/metrics-graphite-4.2.7.jar:/Users/guru/.m2/repository/io/dropwizard/metrics/metrics-jmx/4.2.7/metrics-jmx-4.2.7.jar:/Users/guru/.m2/repository/com/fasterxml/jackson/core/jackson-databind/2.13.3/jackson-databind-2.13.3.jar:/Users/guru/.m2/repository/com/fasterxml/jackson/module/jackson-module-scala_2.12/2.13.3/jackson-module-scala_2.12-2.13.3.jar:/Users/guru/.m2/repository/com/thoughtworks/paranamer/paranamer/2.8/paranamer-2.8.jar:/Users/guru/.m2/repository/org/apache/ivy/ivy/2.5.0/ivy-2.5.0.jar:/Users/guru/.m2/repository/oro/oro/2.0.8/oro-2.0.8.jar:/Users/guru/.m2/repository/net/razorvine/pickle/1.2/pickle-1.2.jar:/Users/guru/.m2/repository/net/sf/py4j/py4j/0.10.9.5/py4j-0.10.9.5.jar:/Users/guru/.m2/repository/org/apache/spark/spark-tags_2.12/3.3.0/spark-tags_2.12-3.3.0.jar:/Users/guru/.m2/repository/org/apache/commons/commons-crypto/1.1.0/commons-crypto-1.1.0.jar:/Users/guru/.m2/repository/org/spark-project/spark/unused/1.0.0/unused-1.0.0.jar:/Users/guru/.m2/repository/org/apache/spark/spark-sql_2.12/3.3.0/spark-sql_2.12-3.3.0.jar:/Users/guru/.m2/repository/org/rocksdb/rocksdbjni/6.20.3/rocksdbjni-6.20.3.jar:/Users/guru/.m2/repository/com/univocity/univocity-parsers/2.9.1/univocity-parsers-2.9.1.jar:/Users/guru/.m2/repository/org/apache/spark/spark-sketch_2.12/3.3.0/spark-sketch_2.12-3.3.0.jar:/Users/guru/.m2/repository/org/apache/spark/spark-catalyst_2.12/3.3.0/spark-catalyst_2.12-3.3.0.jar:/Users/guru/.m2/repository/org/scala-lang/modules/scala-parser-combinators_2.12/1.1.2/scala-parser-combinators_2.12-1.1.2.jar:/Users/guru/.m2/repository/org/codehaus/janino/janino/3.0.16/janino-3.0.16.jar:/Users/guru/.m2/repository/org/codehaus/janino/commons-compiler/3.0.16/commons-compiler-3.0.16.jar:/Users/guru/.m2/repository/org/antlr/antlr4-runtime/4.8/antlr4-runtime-4.8.jar:/Users/guru/.m2/repository/org/apache/arrow/arrow-vector/7.0.0/arrow-vector-7.0.0.jar:/Users/guru/.m2/repository/org/apache/arrow/arrow-format/7.0.0/arrow-format-7.0.0.jar:/Users/guru/.m2/repository/org/apache/arrow/arrow-memory-core/7.0.0/arrow-memory-core-7.0.0.jar:/Users/guru/.m2/repository/com/google/flatbuffers/flatbuffers-java/1.12.0/flatbuffers-java-1.12.0.jar:/Users/guru/.m2/repository/org/apache/arrow/arrow-memory-netty/7.0.0/arrow-memory-netty-7.0.0.jar:/Users/guru/.m2/repository/org/apache/orc/orc-core/1.7.4/orc-core-1.7.4.jar:/Users/guru/.m2/repository/org/apache/orc/orc-shims/1.7.4/orc-shims-1.7.4.jar:/Users/guru/.m2/repository/com/google/protobuf/protobuf-java/2.5.0/protobuf-java-2.5.0.jar:/Users/guru/.m2/repository/io/airlift/aircompressor/0.21/aircompressor-0.21.jar:/Users/guru/.m2/repository/org/jetbrains/annotations/17.0.0/annotations-17.0.0.jar:/Users/guru/.m2/repository/org/threeten/threeten-extra/1.5.0/threeten-extra-1.5.0.jar:/Users/guru/.m2/repository/org/apache/orc/orc-mapreduce/1.7.4/orc-mapreduce-1.7.4.jar:/Users/guru/.m2/repository/org/apache/hive/hive-storage-api/2.7.2/hive-storage-api-2.7.2.jar:/Users/guru/.m2/repository/org/apache/parquet/parquet-column/1.12.2/parquet-column-1.12.2.jar:/Users/guru/.m2/repository/org/apache/parquet/parquet-common/1.12.2/parquet-common-1.12.2.jar:/Users/guru/.m2/repository/org/apache/parquet/parquet-encoding/1.12.2/parquet-encoding-1.12.2.jar:/Users/guru/.m2/repository/org/apache/parquet/parquet-hadoop/1.12.2/parquet-hadoop-1.12.2.jar:/Users/guru/.m2/repository/org/apache/parquet/parquet-format-structures/1.12.2/parquet-format-structures-1.12.2.jar:/Users/guru/.m2/repository/org/apache/parquet/parquet-jackson/1.12.2/parquet-jackson-1.12.2.jar:/Users/guru/.m2/repository/com/microsoft/graph/microsoft-graph/5.38.0/microsoft-graph-5.38.0.jar:/Users/guru/.m2/repository/com/google/code/gson/gson/2.9.1/gson-2.9.1.jar:/Users/guru/.m2/repository/com/microsoft/graph/microsoft-graph-core/2.0.13/microsoft-graph-core-2.0.13.jar:/Users/guru/.m2/repository/com/google/guava/guava/31.1-jre/guava-31.1-jre.jar:/Users/guru/.m2/repository/com/google/guava/failureaccess/1.0.1/failureaccess-1.0.1.jar:/Users/guru/.m2/repository/com/google/guava/listenablefuture/9999.0-empty-to-avoid-conflict-with-guava/listenablefuture-9999.0-empty-to-avoid-conflict-with-guava.jar:/Users/guru/.m2/repository/org/checkerframework/checker-qual/3.12.0/checker-qual-3.12.0.jar:/Users/guru/.m2/repository/com/google/errorprone/error_prone_annotations/2.11.0/error_prone_annotations-2.11.0.jar:/Users/guru/.m2/repository/com/google/j2objc/j2objc-annotations/1.3/j2objc-annotations-1.3.jar:/Users/guru/.m2/repository/com/squareup/okhttp3/okhttp/4.10.0/okhttp-4.10.0.jar:/Users/guru/.m2/repository/com/squareup/okio/okio-jvm/3.0.0/okio-jvm-3.0.0.jar:/Users/guru/.m2/repository/org/jetbrains/kotlin/kotlin-stdlib-jdk8/1.5.31/kotlin-stdlib-jdk8-1.5.31.jar:/Users/guru/.m2/repository/org/jetbrains/kotlin/kotlin-stdlib-jdk7/1.5.31/kotlin-stdlib-jdk7-1.5.31.jar:/Users/guru/.m2/repository/org/jetbrains/kotlin/kotlin-stdlib-common/1.5.31/kotlin-stdlib-common-1.5.31.jar:/Users/guru/.m2/repository/org/jetbrains/kotlin/kotlin-stdlib/1.6.20/kotlin-stdlib-1.6.20.jar:/Users/guru/.m2/repository/com/azure/azure-identity/1.12.0/azure-identity-1.12.0.jar:/Users/guru/.m2/repository/com/azure/azure-core/1.48.0/azure-core-1.48.0.jar:/Users/guru/.m2/repository/com/azure/azure-xml/1.0.0/azure-xml-1.0.0.jar:/Users/guru/.m2/repository/com/fasterxml/jackson/datatype/jackson-datatype-jsr310/2.13.5/jackson-datatype-jsr310-2.13.5.jar:/Users/guru/.m2/repository/io/projectreactor/reactor-core/3.4.36/reactor-core-3.4.36.jar:/Users/guru/.m2/repository/org/reactivestreams/reactive-streams/1.0.4/reactive-streams-1.0.4.jar:/Users/guru/.m2/repository/com/azure/azure-core-http-netty/1.14.2/azure-core-http-netty-1.14.2.jar:/Users/guru/.m2/repository/io/projectreactor/netty/reactor-netty-http/1.0.43/reactor-netty-http-1.0.43.jar:/Users/guru/.m2/repository/io/projectreactor/netty/reactor-netty-core/1.0.43/reactor-netty-core-1.0.43.jar:/Users/guru/.m2/repository/com/azure/azure-json/1.1.0/azure-json-1.1.0.jar:/Users/guru/.m2/repository/com/microsoft/azure/msal4j/1.15.0/msal4j-1.15.0.jar:/Users/guru/.m2/repository/com/nimbusds/oauth2-oidc-sdk/11.9.1/oauth2-oidc-sdk-11.9.1.jar:/Users/guru/.m2/repository/com/github/stephenc/jcip/jcip-annotations/1.0-1/jcip-annotations-1.0-1.jar:/Users/guru/.m2/repository/com/nimbusds/content-type/2.3/content-type-2.3.jar:/Users/guru/.m2/repository/com/nimbusds/lang-tag/1.7/lang-tag-1.7.jar:/Users/guru/.m2/repository/com/nimbusds/nimbus-jose-jwt/9.37.3/nimbus-jose-jwt-9.37.3.jar:/Users/guru/.m2/repository/net/minidev/json-smart/2.5.0/json-smart-2.5.0.jar:/Users/guru/.m2/repository/net/minidev/accessors-smart/2.5.0/accessors-smart-2.5.0.jar:/Users/guru/.m2/repository/com/microsoft/azure/msal4j-persistence-extension/1.3.0/msal4j-persistence-extension-1.3.0.jar:/Users/guru/.m2/repository/net/java/dev/jna/jna/5.13.0/jna-5.13.0.jar:/Users/guru/.m2/repository/net/java/dev/jna/jna-platform/5.6.0/jna-platform-5.6.0.jar:/Users/guru/.m2/repository/io/netty/netty-resolver-dns/4.1.100.Final/netty-resolver-dns-4.1.100.Final.jar:/Users/guru/.m2/repository/io/netty/netty-common/4.1.100.Final/netty-common-4.1.100.Final.jar:/Users/guru/.m2/repository/io/netty/netty-buffer/4.1.100.Final/netty-buffer-4.1.100.Final.jar:/Users/guru/.m2/repository/io/netty/netty-resolver/4.1.100.Final/netty-resolver-4.1.100.Final.jar:/Users/guru/.m2/repository/io/netty/netty-transport/4.1.100.Final/netty-transport-4.1.100.Final.jar:/Users/guru/.m2/repository/io/netty/netty-codec/4.1.100.Final/netty-codec-4.1.100.Final.jar:/Users/guru/.m2/repository/io/netty/netty-codec-dns/4.1.100.Final/netty-codec-dns-4.1.100.Final.jar:/Users/guru/.m2/repository/io/netty/netty-handler/4.1.100.Final/netty-handler-4.1.100.Final.jar:/Users/guru/.m2/repository/io/netty/netty-codec-http/4.1.100.Final/netty-codec-http-4.1.100.Final.jar:/Users/guru/.m2/repository/io/netty/netty-codec-http2/4.1.100.Final/netty-codec-http2-4.1.100.Final.jar:/Users/guru/.m2/repository/io/netty/netty-handler-proxy/4.1.100.Final/netty-handler-proxy-4.1.100.Final.jar:/Users/guru/.m2/repository/io/netty/netty-codec-socks/4.1.100.Final/netty-codec-socks-4.1.100.Final.jar:/Users/guru/.m2/repository/org/apache/poi/poi-ooxml/5.2.3/poi-ooxml-5.2.3.jar:/Users/guru/.m2/repository/org/apache/poi/poi/5.2.3/poi-5.2.3.jar:/Users/guru/.m2/repository/com/zaxxer/SparseBitSet/1.2/SparseBitSet-1.2.jar:/Users/guru/.m2/repository/org/apache/poi/poi-ooxml-lite/5.2.3/poi-ooxml-lite-5.2.3.jar:/Users/guru/.m2/repository/org/apache/xmlbeans/xmlbeans/5.1.1/xmlbeans-5.1.1.jar:/Users/guru/.m2/repository/org/apache/commons/commons-compress/1.21/commons-compress-1.21.jar:/Users/guru/.m2/repository/com/github/virtuald/curvesapi/1.07/curvesapi-1.07.jar:/Users/guru/.m2/repository/com/opencsv/opencsv/5.7.1/opencsv-5.7.1.jar:/Users/guru/.m2/repository/commons-beanutils/commons-beanutils/1.9.4/commons-beanutils-1.9.4.jar:/Users/guru/.m2/repository/org/slf4j/slf4j-api/1.7.36/slf4j-api-1.7.36.jar:/Users/guru/.m2/repository/org/apache/logging/log4j/log4j-api/2.20.0/log4j-api-2.20.0.jar:/Users/guru/.m2/repository/org/apache/logging/log4j/log4j-core/2.20.0/log4j-core-2.20.0.jar:/Users/guru/.m2/repository/org/apache/logging/log4j/log4j-slf4j-impl/2.20.0/log4j-slf4j-impl-2.20.0.jar:/Users/guru/.m2/repository/org/junit/jupiter/junit-jupiter/5.9.2/junit-jupiter-5.9.2.jar:/Users/guru/.m2/repository/org/junit/jupiter/junit-jupiter-api/5.9.2/junit-jupiter-api-5.9.2.jar:/Users/guru/.m2/repository/org/opentest4j/opentest4j/1.2.0/opentest4j-1.2.0.jar:/Users/guru/.m2/repository/org/junit/platform/junit-platform-commons/1.9.2/junit-platform-commons-1.9.2.jar:/Users/guru/.m2/repository/org/apiguardian/apiguardian-api/1.1.2/apiguardian-api-1.1.2.jar:/Users/guru/.m2/repository/org/junit/jupiter/junit-jupiter-params/5.9.2/junit-jupiter-params-5.9.2.jar:/Users/guru/.m2/repository/org/junit/jupiter/junit-jupiter-engine/5.9.2/junit-jupiter-engine-5.9.2.jar:/Users/guru/.m2/repository/org/junit/platform/junit-platform-engine/1.9.2/junit-platform-engine-1.9.2.jar:/Users/guru/.m2/repository/org/mockito/mockito-core/4.11.0/mockito-core-4.11.0.jar:/Users/guru/.m2/repository/net/bytebuddy/byte-buddy/1.12.19/byte-buddy-1.12.19.jar:/Users/guru/.m2/repository/net/bytebuddy/byte-buddy-agent/1.12.19/byte-buddy-agent-1.12.19.jar:/Users/guru/.m2/repository/org/objenesis/objenesis/3.3/objenesis-3.3.jar:/Users/guru/.m2/repository/com/github/tomakehurst/wiremock-jre8/2.35.0/wiremock-jre8-2.35.0.jar:/Users/guru/.m2/repository/org/eclipse/jetty/jetty-server/9.4.49.v20220914/jetty-server-9.4.49.v20220914.jar:/Users/guru/.m2/repository/javax/servlet/javax.servlet-api/3.1.0/javax.servlet-api-3.1.0.jar:/Users/guru/.m2/repository/org/eclipse/jetty/jetty-http/9.4.49.v20220914/jetty-http-9.4.49.v20220914.jar:/Users/guru/.m2/repository/org/eclipse/jetty/jetty-io/9.4.49.v20220914/jetty-io-9.4.49.v20220914.jar:/Users/guru/.m2/repository/org/eclipse/jetty/jetty-servlet/9.4.49.v20220914/jetty-servlet-9.4.49.v20220914.jar:/Users/guru/.m2/repository/org/eclipse/jetty/jetty-security/9.4.49.v20220914/jetty-security-9.4.49.v20220914.jar:/Users/guru/.m2/repository/org/eclipse/jetty/jetty-util-ajax/9.4.49.v20220914/jetty-util-ajax-9.4.49.v20220914.jar:/Users/guru/.m2/repository/org/eclipse/jetty/jetty-servlets/9.4.49.v20220914/jetty-servlets-9.4.49.v20220914.jar:/Users/guru/.m2/repository/org/eclipse/jetty/jetty-continuation/9.4.49.v20220914/jetty-continuation-9.4.49.v20220914.jar:/Users/guru/.m2/repository/org/eclipse/jetty/jetty-util/9.4.49.v20220914/jetty-util-9.4.49.v20220914.jar:/Users/guru/.m2/repository/org/eclipse/jetty/jetty-webapp/9.4.49.v20220914/jetty-webapp-9.4.49.v20220914.jar:/Users/guru/.m2/repository/org/eclipse/jetty/jetty-xml/9.4.49.v20220914/jetty-xml-9.4.49.v20220914.jar:/Users/guru/.m2/repository/org/eclipse/jetty/jetty-proxy/9.4.49.v20220914/jetty-proxy-9.4.49.v20220914.jar:/Users/guru/.m2/repository/org/eclipse/jetty/jetty-client/9.4.49.v20220914/jetty-client-9.4.49.v20220914.jar:/Users/guru/.m2/repository/org/eclipse/jetty/http2/http2-server/9.4.49.v20220914/http2-server-9.4.49.v20220914.jar:/Users/guru/.m2/repository/org/eclipse/jetty/http2/http2-common/9.4.49.v20220914/http2-common-9.4.49.v20220914.jar:/Users/guru/.m2/repository/org/eclipse/jetty/http2/http2-hpack/9.4.49.v20220914/http2-hpack-9.4.49.v20220914.jar:/Users/guru/.m2/repository/org/eclipse/jetty/jetty-alpn-server/9.4.49.v20220914/jetty-alpn-server-9.4.49.v20220914.jar:/Users/guru/.m2/repository/org/eclipse/jetty/jetty-alpn-java-server/9.4.49.v20220914/jetty-alpn-java-server-9.4.49.v20220914.jar:/Users/guru/.m2/repository/org/eclipse/jetty/jetty-alpn-openjdk8-server/9.4.49.v20220914/jetty-alpn-openjdk8-server-9.4.49.v20220914.jar:/Users/guru/.m2/repository/org/eclipse/jetty/jetty-alpn-java-client/9.4.49.v20220914/jetty-alpn-java-client-9.4.49.v20220914.jar:/Users/guru/.m2/repository/org/eclipse/jetty/jetty-alpn-client/9.4.49.v20220914/jetty-alpn-client-9.4.49.v20220914.jar:/Users/guru/.m2/repository/org/eclipse/jetty/jetty-alpn-openjdk8-client/9.4.49.v20220914/jetty-alpn-openjdk8-client-9.4.49.v20220914.jar:/Users/guru/.m2/repository/com/fasterxml/jackson/core/jackson-core/2.13.4/jackson-core-2.13.4.jar:/Users/guru/.m2/repository/com/fasterxml/jackson/core/jackson-annotations/2.13.4/jackson-annotations-2.13.4.jar:/Users/guru/.m2/repository/org/apache/httpcomponents/client5/httpclient5/5.1.3/httpclient5-5.1.3.jar:/Users/guru/.m2/repository/org/apache/httpcomponents/core5/httpcore5/5.1.3/httpcore5-5.1.3.jar:/Users/guru/.m2/repository/org/apache/httpcomponents/core5/httpcore5-h2/5.1.3/httpcore5-h2-5.1.3.jar:/Users/guru/.m2/repository/org/xmlunit/xmlunit-core/2.9.0/xmlunit-core-2.9.0.jar:/Users/guru/.m2/repository/jakarta/xml/bind/jakarta.xml.bind-api/2.3.3/jakarta.xml.bind-api-2.3.3.jar:/Users/guru/.m2/repository/jakarta/activation/jakarta.activation-api/1.2.2/jakarta.activation-api-1.2.2.jar:/Users/guru/.m2/repository/org/xmlunit/xmlunit-legacy/2.9.0/xmlunit-legacy-2.9.0.jar:/Users/guru/.m2/repository/org/xmlunit/xmlunit-placeholders/2.9.0/xmlunit-placeholders-2.9.0.jar:/Users/guru/.m2/repository/net/javacrumbs/json-unit/json-unit-core/2.36.0/json-unit-core-2.36.0.jar:/Users/guru/.m2/repository/org/hamcrest/hamcrest-core/2.2/hamcrest-core-2.2.jar:/Users/guru/.m2/repository/org/hamcrest/hamcrest/2.2/hamcrest-2.2.jar:/Users/guru/.m2/repository/com/jayway/jsonpath/json-path/2.7.0/json-path-2.7.0.jar:/Users/guru/.m2/repository/org/ow2/asm/asm/9.4/asm-9.4.jar:/Users/guru/.m2/repository/net/sf/jopt-simple/jopt-simple/5.0.4/jopt-simple-5.0.4.jar:/Users/guru/.m2/repository/com/github/jknack/handlebars/4.3.1/handlebars-4.3.1.jar:/Users/guru/.m2/repository/com/github/jknack/handlebars-helpers/4.3.1/handlebars-helpers-4.3.1.jar:/Users/guru/.m2/repository/commons-fileupload/commons-fileupload/1.4/commons-fileupload-1.4.jar:"/>
    <property name="java.vm.vendor" value="Homebrew"/>
    <property name="sun.arch.data.model" value="64"/>
    <property name="java.vendor.url" value="https://github.com/Homebrew/homebrew-core/issues"/>
    <property name="user.timezone" value="America/Sao_Paulo"/>
    <property name="os.name" value="Mac OS X"/>
    <property name="java.vm.specification.version" value="23"/>
    <property name="sun.java.launcher" value="SUN_STANDARD"/>
    <property name="user.country" value="BR"/>
    <property name="sun.boot.library.path" value="/opt/homebrew/Cellar/openjdk/23.0.2/libexec/openjdk.jdk/Contents/Home/lib"/>
    <property name="sun.java.command" value="/Users/guru/work/dmux/aws-glue-custom-connector-sharepoint/target/surefire/surefirebooter-20250523231120341_44.jar /Users/guru/work/dmux/aws-glue-custom-connector-sharepoint/target/surefire 2025-05-23T23-11-19_819-jvmRun1 surefire-20250523231120341_42tmp surefire_6-20250523231120341_43tmp"/>
    <property name="http.nonProxyHosts" value="local|*.local|169.254/16|*.169.254/16"/>
    <property name="jdk.debug" value="release"/>
    <property name="surefire.test.class.path" value="/Users/guru/work/dmux/aws-glue-custom-connector-sharepoint/target/test-classes:/Users/guru/work/dmux/aws-glue-custom-connector-sharepoint/target/classes:/Users/guru/.m2/repository/com/amazonaws/aws-java-sdk-glue/1.12.470/aws-java-sdk-glue-1.12.470.jar:/Users/guru/.m2/repository/com/amazonaws/aws-java-sdk-core/1.12.470/aws-java-sdk-core-1.12.470.jar:/Users/guru/.m2/repository/commons-logging/commons-logging/1.1.3/commons-logging-1.1.3.jar:/Users/guru/.m2/repository/org/apache/httpcomponents/httpclient/4.5.13/httpclient-4.5.13.jar:/Users/guru/.m2/repository/org/apache/httpcomponents/httpcore/4.4.13/httpcore-4.4.13.jar:/Users/guru/.m2/repository/software/amazon/ion/ion-java/1.0.2/ion-java-1.0.2.jar:/Users/guru/.m2/repository/com/fasterxml/jackson/dataformat/jackson-dataformat-cbor/2.12.6/jackson-dataformat-cbor-2.12.6.jar:/Users/guru/.m2/repository/joda-time/joda-time/2.8.1/joda-time-2.8.1.jar:/Users/guru/.m2/repository/com/amazonaws/jmespath-java/1.12.470/jmespath-java-1.12.470.jar:/Users/guru/.m2/repository/org/apache/spark/spark-core_2.12/3.3.0/spark-core_2.12-3.3.0.jar:/Users/guru/.m2/repository/org/apache/avro/avro/1.11.0/avro-1.11.0.jar:/Users/guru/.m2/repository/org/apache/avro/avro-mapred/1.11.0/avro-mapred-1.11.0.jar:/Users/guru/.m2/repository/org/apache/avro/avro-ipc/1.11.0/avro-ipc-1.11.0.jar:/Users/guru/.m2/repository/org/tukaani/xz/1.9/xz-1.9.jar:/Users/guru/.m2/repository/com/twitter/chill_2.12/0.10.0/chill_2.12-0.10.0.jar:/Users/guru/.m2/repository/com/esotericsoftware/kryo-shaded/4.0.2/kryo-shaded-4.0.2.jar:/Users/guru/.m2/repository/com/esotericsoftware/minlog/1.3.0/minlog-1.3.0.jar:/Users/guru/.m2/repository/com/twitter/chill-java/0.10.0/chill-java-0.10.0.jar:/Users/guru/.m2/repository/org/apache/xbean/xbean-asm9-shaded/4.20/xbean-asm9-shaded-4.20.jar:/Users/guru/.m2/repository/org/apache/hadoop/hadoop-client-api/3.3.2/hadoop-client-api-3.3.2.jar:/Users/guru/.m2/repository/org/apache/hadoop/hadoop-client-runtime/3.3.2/hadoop-client-runtime-3.3.2.jar:/Users/guru/.m2/repository/org/apache/spark/spark-launcher_2.12/3.3.0/spark-launcher_2.12-3.3.0.jar:/Users/guru/.m2/repository/org/apache/spark/spark-kvstore_2.12/3.3.0/spark-kvstore_2.12-3.3.0.jar:/Users/guru/.m2/repository/org/fusesource/leveldbjni/leveldbjni-all/1.8/leveldbjni-all-1.8.jar:/Users/guru/.m2/repository/org/apache/spark/spark-network-common_2.12/3.3.0/spark-network-common_2.12-3.3.0.jar:/Users/guru/.m2/repository/com/google/crypto/tink/tink/1.6.1/tink-1.6.1.jar:/Users/guru/.m2/repository/org/apache/spark/spark-network-shuffle_2.12/3.3.0/spark-network-shuffle_2.12-3.3.0.jar:/Users/guru/.m2/repository/org/apache/spark/spark-unsafe_2.12/3.3.0/spark-unsafe_2.12-3.3.0.jar:/Users/guru/.m2/repository/javax/activation/activation/1.1.1/activation-1.1.1.jar:/Users/guru/.m2/repository/org/apache/curator/curator-recipes/2.13.0/curator-recipes-2.13.0.jar:/Users/guru/.m2/repository/org/apache/curator/curator-framework/2.13.0/curator-framework-2.13.0.jar:/Users/guru/.m2/repository/org/apache/curator/curator-client/2.13.0/curator-client-2.13.0.jar:/Users/guru/.m2/repository/org/apache/zookeeper/zookeeper/3.6.2/zookeeper-3.6.2.jar:/Users/guru/.m2/repository/commons-lang/commons-lang/2.6/commons-lang-2.6.jar:/Users/guru/.m2/repository/org/apache/zookeeper/zookeeper-jute/3.6.2/zookeeper-jute-3.6.2.jar:/Users/guru/.m2/repository/org/apache/yetus/audience-annotations/0.5.0/audience-annotations-0.5.0.jar:/Users/guru/.m2/repository/jakarta/servlet/jakarta.servlet-api/4.0.3/jakarta.servlet-api-4.0.3.jar:/Users/guru/.m2/repository/commons-codec/commons-codec/1.15/commons-codec-1.15.jar:/Users/guru/.m2/repository/org/apache/commons/commons-lang3/3.12.0/commons-lang3-3.12.0.jar:/Users/guru/.m2/repository/org/apache/commons/commons-math3/3.6.1/commons-math3-3.6.1.jar:/Users/guru/.m2/repository/org/apache/commons/commons-text/1.9/commons-text-1.9.jar:/Users/guru/.m2/repository/commons-io/commons-io/2.11.0/commons-io-2.11.0.jar:/Users/guru/.m2/repository/commons-collections/commons-collections/3.2.2/commons-collections-3.2.2.jar:/Users/guru/.m2/repository/org/apache/commons/commons-collections4/4.4/commons-collections4-4.4.jar:/Users/guru/.m2/repository/com/google/code/findbugs/jsr305/3.0.0/jsr305-3.0.0.jar:/Users/guru/.m2/repository/org/slf4j/jul-to-slf4j/1.7.32/jul-to-slf4j-1.7.32.jar:/Users/guru/.m2/repository/org/slf4j/jcl-over-slf4j/1.7.32/jcl-over-slf4j-1.7.32.jar:/Users/guru/.m2/repository/org/apache/logging/log4j/log4j-1.2-api/2.17.2/log4j-1.2-api-2.17.2.jar:/Users/guru/.m2/repository/com/ning/compress-lzf/1.1/compress-lzf-1.1.jar:/Users/guru/.m2/repository/org/xerial/snappy/snappy-java/1.1.8.4/snappy-java-1.1.8.4.jar:/Users/guru/.m2/repository/org/lz4/lz4-java/1.8.0/lz4-java-1.8.0.jar:/Users/guru/.m2/repository/com/github/luben/zstd-jni/1.5.2-1/zstd-jni-1.5.2-1.jar:/Users/guru/.m2/repository/org/roaringbitmap/RoaringBitmap/0.9.25/RoaringBitmap-0.9.25.jar:/Users/guru/.m2/repository/org/roaringbitmap/shims/0.9.25/shims-0.9.25.jar:/Users/guru/.m2/repository/org/scala-lang/modules/scala-xml_2.12/1.2.0/scala-xml_2.12-1.2.0.jar:/Users/guru/.m2/repository/org/scala-lang/scala-library/2.12.15/scala-library-2.12.15.jar:/Users/guru/.m2/repository/org/scala-lang/scala-reflect/2.12.15/scala-reflect-2.12.15.jar:/Users/guru/.m2/repository/org/json4s/json4s-jackson_2.12/3.7.0-M11/json4s-jackson_2.12-3.7.0-M11.jar:/Users/guru/.m2/repository/org/json4s/json4s-core_2.12/3.7.0-M11/json4s-core_2.12-3.7.0-M11.jar:/Users/guru/.m2/repository/org/json4s/json4s-ast_2.12/3.7.0-M11/json4s-ast_2.12-3.7.0-M11.jar:/Users/guru/.m2/repository/org/json4s/json4s-scalap_2.12/3.7.0-M11/json4s-scalap_2.12-3.7.0-M11.jar:/Users/guru/.m2/repository/org/glassfish/jersey/core/jersey-client/2.34/jersey-client-2.34.jar:/Users/guru/.m2/repository/jakarta/ws/rs/jakarta.ws.rs-api/2.1.6/jakarta.ws.rs-api-2.1.6.jar:/Users/guru/.m2/repository/org/glassfish/hk2/external/jakarta.inject/2.6.1/jakarta.inject-2.6.1.jar:/Users/guru/.m2/repository/org/glassfish/jersey/core/jersey-common/2.34/jersey-common-2.34.jar:/Users/guru/.m2/repository/jakarta/annotation/jakarta.annotation-api/1.3.5/jakarta.annotation-api-1.3.5.jar:/Users/guru/.m2/repository/org/glassfish/hk2/osgi-resource-locator/1.0.3/osgi-resource-locator-1.0.3.jar:/Users/guru/.m2/repository/org/glassfish/jersey/core/jersey-server/2.34/jersey-server-2.34.jar:/Users/guru/.m2/repository/jakarta/validation/jakarta.validation-api/2.0.2/jakarta.validation-api-2.0.2.jar:/Users/guru/.m2/repository/org/glassfish/jersey/containers/jersey-container-servlet/2.34/jersey-container-servlet-2.34.jar:/Users/guru/.m2/repository/org/glassfish/jersey/containers/jersey-container-servlet-core/2.34/jersey-container-servlet-core-2.34.jar:/Users/guru/.m2/repository/org/glassfish/jersey/inject/jersey-hk2/2.34/jersey-hk2-2.34.jar:/Users/guru/.m2/repository/org/glassfish/hk2/hk2-locator/2.6.1/hk2-locator-2.6.1.jar:/Users/guru/.m2/repository/org/glassfish/hk2/external/aopalliance-repackaged/2.6.1/aopalliance-repackaged-2.6.1.jar:/Users/guru/.m2/repository/org/glassfish/hk2/hk2-api/2.6.1/hk2-api-2.6.1.jar:/Users/guru/.m2/repository/org/glassfish/hk2/hk2-utils/2.6.1/hk2-utils-2.6.1.jar:/Users/guru/.m2/repository/org/javassist/javassist/3.25.0-GA/javassist-3.25.0-GA.jar:/Users/guru/.m2/repository/io/netty/netty-all/4.1.100.Final/netty-all-4.1.100.Final.jar:/Users/guru/.m2/repository/io/netty/netty-transport-native-unix-common/4.1.100.Final/netty-transport-native-unix-common-4.1.100.Final.jar:/Users/guru/.m2/repository/io/netty/netty-handler-ssl-ocsp/4.1.100.Final/netty-handler-ssl-ocsp-4.1.100.Final.jar:/Users/guru/.m2/repository/io/netty/netty-transport-classes-epoll/4.1.100.Final/netty-transport-classes-epoll-4.1.100.Final.jar:/Users/guru/.m2/repository/io/netty/netty-transport-classes-kqueue/4.1.100.Final/netty-transport-classes-kqueue-4.1.100.Final.jar:/Users/guru/.m2/repository/io/netty/netty-transport-native-epoll/4.1.100.Final/netty-transport-native-epoll-4.1.100.Final-linux-x86_64.jar:/Users/guru/.m2/repository/io/netty/netty-transport-native-epoll/4.1.100.Final/netty-transport-native-epoll-4.1.100.Final-linux-aarch_64.jar:/Users/guru/.m2/repository/io/netty/netty-transport-native-kqueue/4.1.100.Final/netty-transport-native-kqueue-4.1.100.Final-osx-x86_64.jar:/Users/guru/.m2/repository/io/netty/netty-transport-native-kqueue/4.1.100.Final/netty-transport-native-kqueue-4.1.100.Final-osx-aarch_64.jar:/Users/guru/.m2/repository/com/clearspring/analytics/stream/2.9.6/stream-2.9.6.jar:/Users/guru/.m2/repository/io/dropwizard/metrics/metrics-core/4.2.7/metrics-core-4.2.7.jar:/Users/guru/.m2/repository/io/dropwizard/metrics/metrics-jvm/4.2.7/metrics-jvm-4.2.7.jar:/Users/guru/.m2/repository/io/dropwizard/metrics/metrics-json/4.2.7/metrics-json-4.2.7.jar:/Users/guru/.m2/repository/io/dropwizard/metrics/metrics-graphite/4.2.7/metrics-graphite-4.2.7.jar:/Users/guru/.m2/repository/io/dropwizard/metrics/metrics-jmx/4.2.7/metrics-jmx-4.2.7.jar:/Users/guru/.m2/repository/com/fasterxml/jackson/core/jackson-databind/2.13.3/jackson-databind-2.13.3.jar:/Users/guru/.m2/repository/com/fasterxml/jackson/module/jackson-module-scala_2.12/2.13.3/jackson-module-scala_2.12-2.13.3.jar:/Users/guru/.m2/repository/com/thoughtworks/paranamer/paranamer/2.8/paranamer-2.8.jar:/Users/guru/.m2/repository/org/apache/ivy/ivy/2.5.0/ivy-2.5.0.jar:/Users/guru/.m2/repository/oro/oro/2.0.8/oro-2.0.8.jar:/Users/guru/.m2/repository/net/razorvine/pickle/1.2/pickle-1.2.jar:/Users/guru/.m2/repository/net/sf/py4j/py4j/0.10.9.5/py4j-0.10.9.5.jar:/Users/guru/.m2/repository/org/apache/spark/spark-tags_2.12/3.3.0/spark-tags_2.12-3.3.0.jar:/Users/guru/.m2/repository/org/apache/commons/commons-crypto/1.1.0/commons-crypto-1.1.0.jar:/Users/guru/.m2/repository/org/spark-project/spark/unused/1.0.0/unused-1.0.0.jar:/Users/guru/.m2/repository/org/apache/spark/spark-sql_2.12/3.3.0/spark-sql_2.12-3.3.0.jar:/Users/guru/.m2/repository/org/rocksdb/rocksdbjni/6.20.3/rocksdbjni-6.20.3.jar:/Users/guru/.m2/repository/com/univocity/univocity-parsers/2.9.1/univocity-parsers-2.9.1.jar:/Users/guru/.m2/repository/org/apache/spark/spark-sketch_2.12/3.3.0/spark-sketch_2.12-3.3.0.jar:/Users/guru/.m2/repository/org/apache/spark/spark-catalyst_2.12/3.3.0/spark-catalyst_2.12-3.3.0.jar:/Users/guru/.m2/repository/org/scala-lang/modules/scala-parser-combinators_2.12/1.1.2/scala-parser-combinators_2.12-1.1.2.jar:/Users/guru/.m2/repository/org/codehaus/janino/janino/3.0.16/janino-3.0.16.jar:/Users/guru/.m2/repository/org/codehaus/janino/commons-compiler/3.0.16/commons-compiler-3.0.16.jar:/Users/guru/.m2/repository/org/antlr/antlr4-runtime/4.8/antlr4-runtime-4.8.jar:/Users/guru/.m2/repository/org/apache/arrow/arrow-vector/7.0.0/arrow-vector-7.0.0.jar:/Users/guru/.m2/repository/org/apache/arrow/arrow-format/7.0.0/arrow-format-7.0.0.jar:/Users/guru/.m2/repository/org/apache/arrow/arrow-memory-core/7.0.0/arrow-memory-core-7.0.0.jar:/Users/guru/.m2/repository/com/google/flatbuffers/flatbuffers-java/1.12.0/flatbuffers-java-1.12.0.jar:/Users/guru/.m2/repository/org/apache/arrow/arrow-memory-netty/7.0.0/arrow-memory-netty-7.0.0.jar:/Users/guru/.m2/repository/org/apache/orc/orc-core/1.7.4/orc-core-1.7.4.jar:/Users/guru/.m2/repository/org/apache/orc/orc-shims/1.7.4/orc-shims-1.7.4.jar:/Users/guru/.m2/repository/com/google/protobuf/protobuf-java/2.5.0/protobuf-java-2.5.0.jar:/Users/guru/.m2/repository/io/airlift/aircompressor/0.21/aircompressor-0.21.jar:/Users/guru/.m2/repository/org/jetbrains/annotations/17.0.0/annotations-17.0.0.jar:/Users/guru/.m2/repository/org/threeten/threeten-extra/1.5.0/threeten-extra-1.5.0.jar:/Users/guru/.m2/repository/org/apache/orc/orc-mapreduce/1.7.4/orc-mapreduce-1.7.4.jar:/Users/guru/.m2/repository/org/apache/hive/hive-storage-api/2.7.2/hive-storage-api-2.7.2.jar:/Users/guru/.m2/repository/org/apache/parquet/parquet-column/1.12.2/parquet-column-1.12.2.jar:/Users/guru/.m2/repository/org/apache/parquet/parquet-common/1.12.2/parquet-common-1.12.2.jar:/Users/guru/.m2/repository/org/apache/parquet/parquet-encoding/1.12.2/parquet-encoding-1.12.2.jar:/Users/guru/.m2/repository/org/apache/parquet/parquet-hadoop/1.12.2/parquet-hadoop-1.12.2.jar:/Users/guru/.m2/repository/org/apache/parquet/parquet-format-structures/1.12.2/parquet-format-structures-1.12.2.jar:/Users/guru/.m2/repository/org/apache/parquet/parquet-jackson/1.12.2/parquet-jackson-1.12.2.jar:/Users/guru/.m2/repository/com/microsoft/graph/microsoft-graph/5.38.0/microsoft-graph-5.38.0.jar:/Users/guru/.m2/repository/com/google/code/gson/gson/2.9.1/gson-2.9.1.jar:/Users/guru/.m2/repository/com/microsoft/graph/microsoft-graph-core/2.0.13/microsoft-graph-core-2.0.13.jar:/Users/guru/.m2/repository/com/google/guava/guava/31.1-jre/guava-31.1-jre.jar:/Users/guru/.m2/repository/com/google/guava/failureaccess/1.0.1/failureaccess-1.0.1.jar:/Users/guru/.m2/repository/com/google/guava/listenablefuture/9999.0-empty-to-avoid-conflict-with-guava/listenablefuture-9999.0-empty-to-avoid-conflict-with-guava.jar:/Users/guru/.m2/repository/org/checkerframework/checker-qual/3.12.0/checker-qual-3.12.0.jar:/Users/guru/.m2/repository/com/google/errorprone/error_prone_annotations/2.11.0/error_prone_annotations-2.11.0.jar:/Users/guru/.m2/repository/com/google/j2objc/j2objc-annotations/1.3/j2objc-annotations-1.3.jar:/Users/guru/.m2/repository/com/squareup/okhttp3/okhttp/4.10.0/okhttp-4.10.0.jar:/Users/guru/.m2/repository/com/squareup/okio/okio-jvm/3.0.0/okio-jvm-3.0.0.jar:/Users/guru/.m2/repository/org/jetbrains/kotlin/kotlin-stdlib-jdk8/1.5.31/kotlin-stdlib-jdk8-1.5.31.jar:/Users/guru/.m2/repository/org/jetbrains/kotlin/kotlin-stdlib-jdk7/1.5.31/kotlin-stdlib-jdk7-1.5.31.jar:/Users/guru/.m2/repository/org/jetbrains/kotlin/kotlin-stdlib-common/1.5.31/kotlin-stdlib-common-1.5.31.jar:/Users/guru/.m2/repository/org/jetbrains/kotlin/kotlin-stdlib/1.6.20/kotlin-stdlib-1.6.20.jar:/Users/guru/.m2/repository/com/azure/azure-identity/1.12.0/azure-identity-1.12.0.jar:/Users/guru/.m2/repository/com/azure/azure-core/1.48.0/azure-core-1.48.0.jar:/Users/guru/.m2/repository/com/azure/azure-xml/1.0.0/azure-xml-1.0.0.jar:/Users/guru/.m2/repository/com/fasterxml/jackson/datatype/jackson-datatype-jsr310/2.13.5/jackson-datatype-jsr310-2.13.5.jar:/Users/guru/.m2/repository/io/projectreactor/reactor-core/3.4.36/reactor-core-3.4.36.jar:/Users/guru/.m2/repository/org/reactivestreams/reactive-streams/1.0.4/reactive-streams-1.0.4.jar:/Users/guru/.m2/repository/com/azure/azure-core-http-netty/1.14.2/azure-core-http-netty-1.14.2.jar:/Users/guru/.m2/repository/io/projectreactor/netty/reactor-netty-http/1.0.43/reactor-netty-http-1.0.43.jar:/Users/guru/.m2/repository/io/projectreactor/netty/reactor-netty-core/1.0.43/reactor-netty-core-1.0.43.jar:/Users/guru/.m2/repository/com/azure/azure-json/1.1.0/azure-json-1.1.0.jar:/Users/guru/.m2/repository/com/microsoft/azure/msal4j/1.15.0/msal4j-1.15.0.jar:/Users/guru/.m2/repository/com/nimbusds/oauth2-oidc-sdk/11.9.1/oauth2-oidc-sdk-11.9.1.jar:/Users/guru/.m2/repository/com/github/stephenc/jcip/jcip-annotations/1.0-1/jcip-annotations-1.0-1.jar:/Users/guru/.m2/repository/com/nimbusds/content-type/2.3/content-type-2.3.jar:/Users/guru/.m2/repository/com/nimbusds/lang-tag/1.7/lang-tag-1.7.jar:/Users/guru/.m2/repository/com/nimbusds/nimbus-jose-jwt/9.37.3/nimbus-jose-jwt-9.37.3.jar:/Users/guru/.m2/repository/net/minidev/json-smart/2.5.0/json-smart-2.5.0.jar:/Users/guru/.m2/repository/net/minidev/accessors-smart/2.5.0/accessors-smart-2.5.0.jar:/Users/guru/.m2/repository/com/microsoft/azure/msal4j-persistence-extension/1.3.0/msal4j-persistence-extension-1.3.0.jar:/Users/guru/.m2/repository/net/java/dev/jna/jna/5.13.0/jna-5.13.0.jar:/Users/guru/.m2/repository/net/java/dev/jna/jna-platform/5.6.0/jna-platform-5.6.0.jar:/Users/guru/.m2/repository/io/netty/netty-resolver-dns/4.1.100.Final/netty-resolver-dns-4.1.100.Final.jar:/Users/guru/.m2/repository/io/netty/netty-common/4.1.100.Final/netty-common-4.1.100.Final.jar:/Users/guru/.m2/repository/io/netty/netty-buffer/4.1.100.Final/netty-buffer-4.1.100.Final.jar:/Users/guru/.m2/repository/io/netty/netty-resolver/4.1.100.Final/netty-resolver-4.1.100.Final.jar:/Users/guru/.m2/repository/io/netty/netty-transport/4.1.100.Final/netty-transport-4.1.100.Final.jar:/Users/guru/.m2/repository/io/netty/netty-codec/4.1.100.Final/netty-codec-4.1.100.Final.jar:/Users/guru/.m2/repository/io/netty/netty-codec-dns/4.1.100.Final/netty-codec-dns-4.1.100.Final.jar:/Users/guru/.m2/repository/io/netty/netty-handler/4.1.100.Final/netty-handler-4.1.100.Final.jar:/Users/guru/.m2/repository/io/netty/netty-codec-http/4.1.100.Final/netty-codec-http-4.1.100.Final.jar:/Users/guru/.m2/repository/io/netty/netty-codec-http2/4.1.100.Final/netty-codec-http2-4.1.100.Final.jar:/Users/guru/.m2/repository/io/netty/netty-handler-proxy/4.1.100.Final/netty-handler-proxy-4.1.100.Final.jar:/Users/guru/.m2/repository/io/netty/netty-codec-socks/4.1.100.Final/netty-codec-socks-4.1.100.Final.jar:/Users/guru/.m2/repository/org/apache/poi/poi-ooxml/5.2.3/poi-ooxml-5.2.3.jar:/Users/guru/.m2/repository/org/apache/poi/poi/5.2.3/poi-5.2.3.jar:/Users/guru/.m2/repository/com/zaxxer/SparseBitSet/1.2/SparseBitSet-1.2.jar:/Users/guru/.m2/repository/org/apache/poi/poi-ooxml-lite/5.2.3/poi-ooxml-lite-5.2.3.jar:/Users/guru/.m2/repository/org/apache/xmlbeans/xmlbeans/5.1.1/xmlbeans-5.1.1.jar:/Users/guru/.m2/repository/org/apache/commons/commons-compress/1.21/commons-compress-1.21.jar:/Users/guru/.m2/repository/com/github/virtuald/curvesapi/1.07/curvesapi-1.07.jar:/Users/guru/.m2/repository/com/opencsv/opencsv/5.7.1/opencsv-5.7.1.jar:/Users/guru/.m2/repository/commons-beanutils/commons-beanutils/1.9.4/commons-beanutils-1.9.4.jar:/Users/guru/.m2/repository/org/slf4j/slf4j-api/1.7.36/slf4j-api-1.7.36.jar:/Users/guru/.m2/repository/org/apache/logging/log4j/log4j-api/2.20.0/log4j-api-2.20.0.jar:/Users/guru/.m2/repository/org/apache/logging/log4j/log4j-core/2.20.0/log4j-core-2.20.0.jar:/Users/guru/.m2/repository/org/apache/logging/log4j/log4j-slf4j-impl/2.20.0/log4j-slf4j-impl-2.20.0.jar:/Users/guru/.m2/repository/org/junit/jupiter/junit-jupiter/5.9.2/junit-jupiter-5.9.2.jar:/Users/guru/.m2/repository/org/junit/jupiter/junit-jupiter-api/5.9.2/junit-jupiter-api-5.9.2.jar:/Users/guru/.m2/repository/org/opentest4j/opentest4j/1.2.0/opentest4j-1.2.0.jar:/Users/guru/.m2/repository/org/junit/platform/junit-platform-commons/1.9.2/junit-platform-commons-1.9.2.jar:/Users/guru/.m2/repository/org/apiguardian/apiguardian-api/1.1.2/apiguardian-api-1.1.2.jar:/Users/guru/.m2/repository/org/junit/jupiter/junit-jupiter-params/5.9.2/junit-jupiter-params-5.9.2.jar:/Users/guru/.m2/repository/org/junit/jupiter/junit-jupiter-engine/5.9.2/junit-jupiter-engine-5.9.2.jar:/Users/guru/.m2/repository/org/junit/platform/junit-platform-engine/1.9.2/junit-platform-engine-1.9.2.jar:/Users/guru/.m2/repository/org/mockito/mockito-core/4.11.0/mockito-core-4.11.0.jar:/Users/guru/.m2/repository/net/bytebuddy/byte-buddy/1.12.19/byte-buddy-1.12.19.jar:/Users/guru/.m2/repository/net/bytebuddy/byte-buddy-agent/1.12.19/byte-buddy-agent-1.12.19.jar:/Users/guru/.m2/repository/org/objenesis/objenesis/3.3/objenesis-3.3.jar:/Users/guru/.m2/repository/com/github/tomakehurst/wiremock-jre8/2.35.0/wiremock-jre8-2.35.0.jar:/Users/guru/.m2/repository/org/eclipse/jetty/jetty-server/9.4.49.v20220914/jetty-server-9.4.49.v20220914.jar:/Users/guru/.m2/repository/javax/servlet/javax.servlet-api/3.1.0/javax.servlet-api-3.1.0.jar:/Users/guru/.m2/repository/org/eclipse/jetty/jetty-http/9.4.49.v20220914/jetty-http-9.4.49.v20220914.jar:/Users/guru/.m2/repository/org/eclipse/jetty/jetty-io/9.4.49.v20220914/jetty-io-9.4.49.v20220914.jar:/Users/guru/.m2/repository/org/eclipse/jetty/jetty-servlet/9.4.49.v20220914/jetty-servlet-9.4.49.v20220914.jar:/Users/guru/.m2/repository/org/eclipse/jetty/jetty-security/9.4.49.v20220914/jetty-security-9.4.49.v20220914.jar:/Users/guru/.m2/repository/org/eclipse/jetty/jetty-util-ajax/9.4.49.v20220914/jetty-util-ajax-9.4.49.v20220914.jar:/Users/guru/.m2/repository/org/eclipse/jetty/jetty-servlets/9.4.49.v20220914/jetty-servlets-9.4.49.v20220914.jar:/Users/guru/.m2/repository/org/eclipse/jetty/jetty-continuation/9.4.49.v20220914/jetty-continuation-9.4.49.v20220914.jar:/Users/guru/.m2/repository/org/eclipse/jetty/jetty-util/9.4.49.v20220914/jetty-util-9.4.49.v20220914.jar:/Users/guru/.m2/repository/org/eclipse/jetty/jetty-webapp/9.4.49.v20220914/jetty-webapp-9.4.49.v20220914.jar:/Users/guru/.m2/repository/org/eclipse/jetty/jetty-xml/9.4.49.v20220914/jetty-xml-9.4.49.v20220914.jar:/Users/guru/.m2/repository/org/eclipse/jetty/jetty-proxy/9.4.49.v20220914/jetty-proxy-9.4.49.v20220914.jar:/Users/guru/.m2/repository/org/eclipse/jetty/jetty-client/9.4.49.v20220914/jetty-client-9.4.49.v20220914.jar:/Users/guru/.m2/repository/org/eclipse/jetty/http2/http2-server/9.4.49.v20220914/http2-server-9.4.49.v20220914.jar:/Users/guru/.m2/repository/org/eclipse/jetty/http2/http2-common/9.4.49.v20220914/http2-common-9.4.49.v20220914.jar:/Users/guru/.m2/repository/org/eclipse/jetty/http2/http2-hpack/9.4.49.v20220914/http2-hpack-9.4.49.v20220914.jar:/Users/guru/.m2/repository/org/eclipse/jetty/jetty-alpn-server/9.4.49.v20220914/jetty-alpn-server-9.4.49.v20220914.jar:/Users/guru/.m2/repository/org/eclipse/jetty/jetty-alpn-java-server/9.4.49.v20220914/jetty-alpn-java-server-9.4.49.v20220914.jar:/Users/guru/.m2/repository/org/eclipse/jetty/jetty-alpn-openjdk8-server/9.4.49.v20220914/jetty-alpn-openjdk8-server-9.4.49.v20220914.jar:/Users/guru/.m2/repository/org/eclipse/jetty/jetty-alpn-java-client/9.4.49.v20220914/jetty-alpn-java-client-9.4.49.v20220914.jar:/Users/guru/.m2/repository/org/eclipse/jetty/jetty-alpn-client/9.4.49.v20220914/jetty-alpn-client-9.4.49.v20220914.jar:/Users/guru/.m2/repository/org/eclipse/jetty/jetty-alpn-openjdk8-client/9.4.49.v20220914/jetty-alpn-openjdk8-client-9.4.49.v20220914.jar:/Users/guru/.m2/repository/com/fasterxml/jackson/core/jackson-core/2.13.4/jackson-core-2.13.4.jar:/Users/guru/.m2/repository/com/fasterxml/jackson/core/jackson-annotations/2.13.4/jackson-annotations-2.13.4.jar:/Users/guru/.m2/repository/org/apache/httpcomponents/client5/httpclient5/5.1.3/httpclient5-5.1.3.jar:/Users/guru/.m2/repository/org/apache/httpcomponents/core5/httpcore5/5.1.3/httpcore5-5.1.3.jar:/Users/guru/.m2/repository/org/apache/httpcomponents/core5/httpcore5-h2/5.1.3/httpcore5-h2-5.1.3.jar:/Users/guru/.m2/repository/org/xmlunit/xmlunit-core/2.9.0/xmlunit-core-2.9.0.jar:/Users/guru/.m2/repository/jakarta/xml/bind/jakarta.xml.bind-api/2.3.3/jakarta.xml.bind-api-2.3.3.jar:/Users/guru/.m2/repository/jakarta/activation/jakarta.activation-api/1.2.2/jakarta.activation-api-1.2.2.jar:/Users/guru/.m2/repository/org/xmlunit/xmlunit-legacy/2.9.0/xmlunit-legacy-2.9.0.jar:/Users/guru/.m2/repository/org/xmlunit/xmlunit-placeholders/2.9.0/xmlunit-placeholders-2.9.0.jar:/Users/guru/.m2/repository/net/javacrumbs/json-unit/json-unit-core/2.36.0/json-unit-core-2.36.0.jar:/Users/guru/.m2/repository/org/hamcrest/hamcrest-core/2.2/hamcrest-core-2.2.jar:/Users/guru/.m2/repository/org/hamcrest/hamcrest/2.2/hamcrest-2.2.jar:/Users/guru/.m2/repository/com/jayway/jsonpath/json-path/2.7.0/json-path-2.7.0.jar:/Users/guru/.m2/repository/org/ow2/asm/asm/9.4/asm-9.4.jar:/Users/guru/.m2/repository/net/sf/jopt-simple/jopt-simple/5.0.4/jopt-simple-5.0.4.jar:/Users/guru/.m2/repository/com/github/jknack/handlebars/4.3.1/handlebars-4.3.1.jar:/Users/guru/.m2/repository/com/github/jknack/handlebars-helpers/4.3.1/handlebars-helpers-4.3.1.jar:/Users/guru/.m2/repository/commons-fileupload/commons-fileupload/1.4/commons-fileupload-1.4.jar:"/>
    <property name="sun.cpu.endian" value="little"/>
    <property name="user.home" value="/Users/guru"/>
    <property name="user.language" value="pt"/>
    <property name="java.specification.vendor" value="Oracle Corporation"/>
    <property name="java.version.date" value="2025-01-21"/>
    <property name="java.home" value="/opt/homebrew/Cellar/openjdk/23.0.2/libexec/openjdk.jdk/Contents/Home"/>
    <property name="file.separator" value="/"/>
    <property name="basedir" value="/Users/guru/work/dmux/aws-glue-custom-connector-sharepoint"/>
    <property name="java.vm.compressedOopsMode" value="Zero based"/>
    <property name="line.separator" value="&#10;"/>
    <property name="java.vm.specification.vendor" value="Oracle Corporation"/>
    <property name="java.specification.name" value="Java Platform API Specification"/>
    <property name="apple.awt.application.name" value="ForkedBooter"/>
    <property name="surefire.real.class.path" value="/Users/guru/work/dmux/aws-glue-custom-connector-sharepoint/target/surefire/surefirebooter-20250523231120341_44.jar"/>
    <property name="sun.management.compiler" value="HotSpot 64-Bit Tiered Compilers"/>
    <property name="ftp.nonProxyHosts" value="local|*.local|169.254/16|*.169.254/16"/>
    <property name="java.runtime.version" value="23.0.2"/>
    <property name="user.name" value="guru"/>
    <property name="stdout.encoding" value="UTF-8"/>
    <property name="path.separator" value=":"/>
    <property name="os.version" value="15.5"/>
    <property name="java.runtime.name" value="OpenJDK Runtime Environment"/>
    <property name="file.encoding" value="UTF-8"/>
    <property name="java.vm.name" value="OpenJDK 64-Bit Server VM"/>
    <property name="java.vendor.version" value="Homebrew"/>
    <property name="localRepository" value="/Users/guru/.m2/repository"/>
    <property name="java.vendor.url.bug" value="https://github.com/Homebrew/homebrew-core/issues"/>
    <property name="java.io.tmpdir" value="/var/folders/z4/zjs9h8rx6gj_2xc97nfw1f240000gn/T/"/>
    <property name="java.version" value="23.0.2"/>
    <property name="user.dir" value="/Users/guru/work/dmux/aws-glue-custom-connector-sharepoint"/>
    <property name="os.arch" value="aarch64"/>
    <property name="java.vm.specification.name" value="Java Virtual Machine Specification"/>
    <property name="native.encoding" value="UTF-8"/>
    <property name="java.library.path" value="/Users/guru/Library/Java/Extensions:/Library/Java/Extensions:/Network/Library/Java/Extensions:/System/Library/Java/Extensions:/usr/lib/java:."/>
    <property name="java.vm.info" value="mixed mode, sharing"/>
    <property name="stderr.encoding" value="UTF-8"/>
    <property name="java.vendor" value="Homebrew"/>
    <property name="java.vm.version" value="23.0.2"/>
    <property name="sun.io.unicode.encoding" value="UnicodeBig"/>
    <property name="socksNonProxyHosts" value="local|*.local|169.254/16|*.169.254/16"/>
    <property name="java.class.version" value="67.0"/>
  </properties>
  <testcase name="inferSchema_WithValidCsvHeaders_ShouldReturnCorrectSchema" classname="com.aws.glue.connector.sharepoint.parser.CsvFileParserTest" time="0.419">
    <system-out><![CDATA[23:11:26.384 [main] DEBUG com.aws.glue.connector.sharepoint.parser.CsvFileParser - Inferred CSV schema with 3 columns
]]></system-out>
  </testcase>
  <testcase name="parseFile_WithValidCsvData_ShouldReturnCorrectRows" classname="com.aws.glue.connector.sharepoint.parser.CsvFileParserTest" time="0.005">
    <system-out><![CDATA[23:11:26.392 [main] DEBUG com.aws.glue.connector.sharepoint.parser.CsvFileParser - Inferred CSV schema with 3 columns
23:11:26.395 [main] WARN  com.aws.glue.connector.sharepoint.parser.CsvFileParser - UTF8String initialization failed, using String fallback for testing
23:11:26.395 [main] WARN  com.aws.glue.connector.sharepoint.parser.CsvFileParser - UTF8String initialization failed, using String fallback for testing
23:11:26.395 [main] WARN  com.aws.glue.connector.sharepoint.parser.CsvFileParser - UTF8String initialization failed, using String fallback for testing
23:11:26.395 [main] WARN  com.aws.glue.connector.sharepoint.parser.CsvFileParser - UTF8String initialization failed, using String fallback for testing
23:11:26.395 [main] WARN  com.aws.glue.connector.sharepoint.parser.CsvFileParser - UTF8String initialization failed, using String fallback for testing
23:11:26.395 [main] WARN  com.aws.glue.connector.sharepoint.parser.CsvFileParser - UTF8String initialization failed, using String fallback for testing
23:11:26.395 [main] INFO  com.aws.glue.connector.sharepoint.parser.CsvFileParser - Successfully parsed 2 rows from CSV file
]]></system-out>
  </testcase>
  <testcase name="supports_WithExcelExtension_ShouldReturnFalse" classname="com.aws.glue.connector.sharepoint.parser.CsvFileParserTest" time="0.002"/>
  <testcase name="supports_WithCsvExtension_ShouldReturnTrue" classname="com.aws.glue.connector.sharepoint.parser.CsvFileParserTest" time="0.001"/>
  <testcase name="inferSchema_WithHeadersOnly_ShouldReturnCorrectSchema" classname="com.aws.glue.connector.sharepoint.parser.CsvFileParserTest" time="0.001">
    <system-out><![CDATA[23:11:26.401 [main] DEBUG com.aws.glue.connector.sharepoint.parser.CsvFileParser - Inferred CSV schema with 3 columns
]]></system-out>
  </testcase>
  <testcase name="parseFile_WithQuotedValues_ShouldParseCorrectly" classname="com.aws.glue.connector.sharepoint.parser.CsvFileParserTest" time="0.001">
    <system-out><![CDATA[23:11:26.402 [main] DEBUG com.aws.glue.connector.sharepoint.parser.CsvFileParser - Inferred CSV schema with 2 columns
23:11:26.403 [main] WARN  com.aws.glue.connector.sharepoint.parser.CsvFileParser - UTF8String initialization failed, using String fallback for testing
23:11:26.403 [main] WARN  com.aws.glue.connector.sharepoint.parser.CsvFileParser - UTF8String initialization failed, using String fallback for testing
23:11:26.403 [main] WARN  com.aws.glue.connector.sharepoint.parser.CsvFileParser - UTF8String initialization failed, using String fallback for testing
23:11:26.403 [main] WARN  com.aws.glue.connector.sharepoint.parser.CsvFileParser - UTF8String initialization failed, using String fallback for testing
23:11:26.403 [main] INFO  com.aws.glue.connector.sharepoint.parser.CsvFileParser - Successfully parsed 2 rows from CSV file
]]></system-out>
  </testcase>
  <testcase name="supports_WithOtherExtension_ShouldReturnFalse" classname="com.aws.glue.connector.sharepoint.parser.CsvFileParserTest" time="0.001"/>
  <testcase name="parseFile_WithMissingValues_ShouldHandleGracefully" classname="com.aws.glue.connector.sharepoint.parser.CsvFileParserTest" time="0.003">
    <system-out><![CDATA[23:11:26.406 [main] DEBUG com.aws.glue.connector.sharepoint.parser.CsvFileParser - Inferred CSV schema with 3 columns
23:11:26.407 [main] WARN  com.aws.glue.connector.sharepoint.parser.CsvFileParser - UTF8String initialization failed, using String fallback for testing
23:11:26.407 [main] WARN  com.aws.glue.connector.sharepoint.parser.CsvFileParser - UTF8String initialization failed, using String fallback for testing
23:11:26.407 [main] WARN  com.aws.glue.connector.sharepoint.parser.CsvFileParser - UTF8String initialization failed, using String fallback for testing
23:11:26.407 [main] WARN  com.aws.glue.connector.sharepoint.parser.CsvFileParser - UTF8String initialization failed, using String fallback for testing
23:11:26.407 [main] WARN  com.aws.glue.connector.sharepoint.parser.CsvFileParser - UTF8String initialization failed, using String fallback for testing
23:11:26.407 [main] WARN  com.aws.glue.connector.sharepoint.parser.CsvFileParser - UTF8String initialization failed, using String fallback for testing
23:11:26.407 [main] INFO  com.aws.glue.connector.sharepoint.parser.CsvFileParser - Successfully parsed 2 rows from CSV file
]]></system-out>
  </testcase>
  <testcase name="inferSchema_WithEmptyFile_ShouldThrowException" classname="com.aws.glue.connector.sharepoint.parser.CsvFileParserTest" time="0.002"/>
</testsuite>