<?xml version="1.0" encoding="UTF-8"?>
<testsuite xmlns:xsi="http://www.w3.org/2001/XMLSchema-instance" xsi:noNamespaceSchemaLocation="https://maven.apache.org/surefire/maven-surefire-plugin/xsd/surefire-test-report-3.0.xsd" version="3.0" name="com.aws.glue.connector.sharepoint.integration.SharePointConnectorIntegrationTest" time="0.001" tests="4" errors="0" skipped="4" failures="0">
  <properties/>
  <testcase name="authenticationFlow_WithValidCredentials_ShouldSucceed" classname="com.aws.glue.connector.sharepoint.integration.SharePointConnectorIntegrationTest" time="0">
    <skipped message="Integration tests require WireMock setup and are disabled by default"/>
  </testcase>
  <testcase name="fullIntegrationTest_WithMockedGraphAPI_ShouldProcessFiles" classname="com.aws.glue.connector.sharepoint.integration.SharePointConnectorIntegrationTest" time="0">
    <skipped message="Integration tests require WireMock setup and are disabled by default"/>
  </testcase>
  <testcase name="fileListingFlow_WithValidSiteId_ShouldReturnFiles" classname="com.aws.glue.connector.sharepoint.integration.SharePointConnectorIntegrationTest" time="0">
    <skipped message="Integration tests require WireMock setup and are disabled by default"/>
  </testcase>
  <testcase name="fileDownloadFlow_WithValidFileId_ShouldReturnContent" classname="com.aws.glue.connector.sharepoint.integration.SharePointConnectorIntegrationTest" time="0">
    <skipped message="Integration tests require WireMock setup and are disabled by default"/>
  </testcase>
</testsuite>